-outxml
-source
1.6
-target
1.6
-classpath
/home/dmfrey/.m2/repository/antlr/antlr/2.7.6/antlr-2.7.6.jar:/home/dmfrey/.m2/repository/aopalliance/aopalliance/1.0/aopalliance-1.0.jar:/home/dmfrey/.m2/repository/cglib/cglib-nodep/2.2/cglib-nodep-2.2.jar:/home/dmfrey/.m2/repository/commons-beanutils/commons-beanutils/1.8.0/commons-beanutils-1.8.0.jar:/home/dmfrey/.m2/repository/commons-codec/commons-codec/1.2/commons-codec-1.2.jar:/home/dmfrey/.m2/repository/commons-collections/commons-collections/3.1/commons-collections-3.1.jar:/home/dmfrey/.m2/repository/commons-dbcp/commons-dbcp/1.3/commons-dbcp-1.3.jar:/home/dmfrey/.m2/repository/commons-digester/commons-digester/2.0/commons-digester-2.0.jar:/home/dmfrey/.m2/repository/commons-fileupload/commons-fileupload/1.2.1/commons-fileupload-1.2.1.jar:/home/dmfrey/.m2/repository/commons-httpclient/commons-httpclient/3.0.1/commons-httpclient-3.0.1.jar:/home/dmfrey/.m2/repository/commons-pool/commons-pool/1.5.4/commons-pool-1.5.4.jar:/home/dmfrey/.m2/repository/dom4j/dom4j/1.6.1/dom4j-1.6.1.jar:/home/dmfrey/.m2/repository/javassist/javassist/3.9.0.GA/javassist-3.9.0.GA.jar:/home/dmfrey/.m2/repository/javax/el/el-api/1.0/el-api-1.0.jar:/home/dmfrey/.m2/repository/javax/servlet/jstl/1.2/jstl-1.2.jar:/home/dmfrey/.m2/repository/javax/servlet/servlet-api/2.5/servlet-api-2.5.jar:/home/dmfrey/.m2/repository/javax/servlet/jsp/jsp-api/2.1/jsp-api-2.1.jar:/home/dmfrey/.m2/repository/javax/transaction/jta/1.1/jta-1.1.jar:/home/dmfrey/.m2/repository/javax/validation/validation-api/1.0.0.GA/validation-api-1.0.0.GA.jar:/home/dmfrey/.m2/repository/joda-time/joda-time/1.6/joda-time-1.6.jar:/home/dmfrey/.m2/repository/log4j/log4j/1.2.16/log4j-1.2.16.jar:/home/dmfrey/.m2/repository/mysql/mysql-connector-java/5.1.13/mysql-connector-java-5.1.13.jar:/home/dmfrey/.m2/repository/net/sf/flexjson/flexjson/2.1/flexjson-2.1.jar:/home/dmfrey/.m2/repository/net/sourceforge/nekohtml/nekohtml/1.9.7/nekohtml-1.9.7.jar:/home/dmfrey/.m2/repository/org/apache/tiles/tiles-api/2.2.1/tiles-api-2.2.1.jar:/home/dmfrey/.m2/repository/org/apache/tiles/tiles-core/2.2.1/tiles-core-2.2.1.jar:/home/dmfrey/.m2/repository/org/apache/tiles/tiles-jsp/2.2.1/tiles-jsp-2.2.1.jar:/home/dmfrey/.m2/repository/org/apache/tiles/tiles-servlet/2.2.1/tiles-servlet-2.2.1.jar:/home/dmfrey/.m2/repository/org/apache/tiles/tiles-template/2.2.1/tiles-template-2.2.1.jar:/home/dmfrey/.m2/repository/org/aspectj/aspectjrt/1.6.10/aspectjrt-1.6.10.jar:/home/dmfrey/.m2/repository/org/aspectj/aspectjweaver/1.6.10/aspectjweaver-1.6.10.jar:/home/dmfrey/.m2/repository/org/hibernate/hibernate-annotations/3.5.5-Final/hibernate-annotations-3.5.5-Final.jar:/home/dmfrey/.m2/repository/org/hibernate/hibernate-commons-annotations/3.2.0.Final/hibernate-commons-annotations-3.2.0.Final.jar:/home/dmfrey/.m2/repository/org/hibernate/hibernate-core/3.5.5-Final/hibernate-core-3.5.5-Final.jar:/home/dmfrey/.m2/repository/org/hibernate/hibernate-entitymanager/3.5.5-Final/hibernate-entitymanager-3.5.5-Final.jar:/home/dmfrey/.m2/repository/org/hibernate/hibernate-validator/4.1.0.Final/hibernate-validator-4.1.0.Final.jar:/home/dmfrey/.m2/repository/org/hibernate/javax/persistence/hibernate-jpa-2.0-api/1.0.0.Final/hibernate-jpa-2.0-api-1.0.0.Final.jar:/home/dmfrey/.m2/repository/org/openid4java/openid4java/0.9.5/openid4java-0.9.5.jar:/home/dmfrey/.m2/repository/org/openid4java/openid4java-consumer/0.9.5/openid4java-consumer-0.9.5.jar:/home/dmfrey/.m2/repository/org/openid4java/openid4java-consumer-SampleConsumer/0.9.5/openid4java-consumer-SampleConsumer-0.9.5.jar:/home/dmfrey/.m2/repository/org/openid4java/openid4java-nodeps/0.9.5/openid4java-nodeps-0.9.5.jar:/home/dmfrey/.m2/repository/org/openid4java/openid4java-server/0.9.5/openid4java-server-0.9.5.jar:/home/dmfrey/.m2/repository/org/openid4java/openid4java-server-JdbcServerAssociationStore/0.9.5/openid4java-server-JdbcServerAssociationStore-0.9.5.jar:/home/dmfrey/.m2/repository/org/openid4java/openid4java-server-SampleServer/0.9.5/openid4java-server-SampleServer-0.9.5.jar:/home/dmfrey/.m2/repository/org/slf4j/jcl-over-slf4j/1.6.1/jcl-over-slf4j-1.6.1.jar:/home/dmfrey/.m2/repository/org/slf4j/slf4j-api/1.6.1/slf4j-api-1.6.1.jar:/home/dmfrey/.m2/repository/org/slf4j/slf4j-log4j12/1.6.1/slf4j-log4j12-1.6.1.jar:/home/dmfrey/.m2/repository/org/springframework/spring-aop/3.0.5.RELEASE/spring-aop-3.0.5.RELEASE.jar:/home/dmfrey/.m2/repository/org/springframework/spring-asm/3.0.5.RELEASE/spring-asm-3.0.5.RELEASE.jar:/home/dmfrey/.m2/repository/org/springframework/spring-aspects/3.0.5.RELEASE/spring-aspects-3.0.5.RELEASE.jar:/home/dmfrey/.m2/repository/org/springframework/spring-beans/3.0.5.RELEASE/spring-beans-3.0.5.RELEASE.jar:/home/dmfrey/.m2/repository/org/springframework/spring-context/3.0.5.RELEASE/spring-context-3.0.5.RELEASE.jar:/home/dmfrey/.m2/repository/org/springframework/spring-context-support/3.0.5.RELEASE/spring-context-support-3.0.5.RELEASE.jar:/home/dmfrey/.m2/repository/org/springframework/spring-core/3.0.5.RELEASE/spring-core-3.0.5.RELEASE.jar:/home/dmfrey/.m2/repository/org/springframework/spring-expression/3.0.5.RELEASE/spring-expression-3.0.5.RELEASE.jar:/home/dmfrey/.m2/repository/org/springframework/spring-jdbc/3.0.5.RELEASE/spring-jdbc-3.0.5.RELEASE.jar:/home/dmfrey/.m2/repository/org/springframework/spring-orm/3.0.5.RELEASE/spring-orm-3.0.5.RELEASE.jar:/home/dmfrey/.m2/repository/org/springframework/spring-tx/3.0.5.RELEASE/spring-tx-3.0.5.RELEASE.jar:/home/dmfrey/.m2/repository/org/springframework/spring-web/3.0.5.RELEASE/spring-web-3.0.5.RELEASE.jar:/home/dmfrey/.m2/repository/org/springframework/spring-webmvc/3.0.5.RELEASE/spring-webmvc-3.0.5.RELEASE.jar:/home/dmfrey/.m2/repository/org/springframework/roo/org.springframework.roo.annotations/1.1.1.RELEASE/org.springframework.roo.annotations-1.1.1.RELEASE.jar:/home/dmfrey/.m2/repository/org/springframework/security/spring-security-acl/3.0.3.RELEASE/spring-security-acl-3.0.3.RELEASE.jar:/home/dmfrey/.m2/repository/org/springframework/security/spring-security-config/3.0.3.RELEASE/spring-security-config-3.0.3.RELEASE.jar:/home/dmfrey/.m2/repository/org/springframework/security/spring-security-core/3.0.3.RELEASE/spring-security-core-3.0.3.RELEASE.jar:/home/dmfrey/.m2/repository/org/springframework/security/spring-security-openid/3.0.3.RELEASE/spring-security-openid-3.0.3.RELEASE.jar:/home/dmfrey/.m2/repository/org/springframework/security/spring-security-taglibs/3.0.3.RELEASE/spring-security-taglibs-3.0.3.RELEASE.jar:/home/dmfrey/.m2/repository/org/springframework/security/spring-security-web/3.0.3.RELEASE/spring-security-web-3.0.3.RELEASE.jar:/home/dmfrey/.m2/repository/org/springframework/webflow/spring-js-resources/2.2.1.RELEASE/spring-js-resources-2.2.1.RELEASE.jar:/home/dmfrey/.m2/repository/xerces/xercesImpl/2.8.1/xercesImpl-2.8.1.jar:/home/dmfrey/.m2/repository/xml-apis/xml-apis/1.0.b2/xml-apis-1.0.b2.jar:/home/dmfrey/Development/Java/work/sandbox2.5.2.RELEASE/OpenSchedule/target/classes
-aspectpath
/home/dmfrey/.m2/repository/org/springframework/spring-aspects/3.0.5.RELEASE/spring-aspects-3.0.5.RELEASE.jar
-d
/home/dmfrey/Development/Java/work/sandbox2.5.2.RELEASE/OpenSchedule/target/classes
/home/dmfrey/Development/Java/work/sandbox2.5.2.RELEASE/OpenSchedule/src/main/java/org/openschedule/domain/Room_Roo_Json.aj
/home/dmfrey/Development/Java/work/sandbox2.5.2.RELEASE/OpenSchedule/src/main/java/org/openschedule/web/RegisterController.java
/home/dmfrey/Development/Java/work/sandbox2.5.2.RELEASE/OpenSchedule/src/main/java/org/openschedule/web/BlockCommentController.java
/home/dmfrey/Development/Java/work/sandbox2.5.2.RELEASE/OpenSchedule/src/main/java/org/openschedule/domain/Block_Roo_ToString.aj
/home/dmfrey/Development/Java/work/sandbox2.5.2.RELEASE/OpenSchedule/src/main/java/org/openschedule/domain/Label.java
/home/dmfrey/Development/Java/work/sandbox2.5.2.RELEASE/OpenSchedule/src/main/java/org/openschedule/web/EventCommentController_Roo_Controller.aj
/home/dmfrey/Development/Java/work/sandbox2.5.2.RELEASE/OpenSchedule/src/main/java/org/openschedule/domain/EventComment_Roo_Json.aj
/home/dmfrey/Development/Java/work/sandbox2.5.2.RELEASE/OpenSchedule/src/main/java/org/openschedule/domain/Sponsor_Roo_Entity.aj
/home/dmfrey/Development/Java/work/sandbox2.5.2.RELEASE/OpenSchedule/src/main/java/org/openschedule/domain/Room_Roo_Entity.aj
/home/dmfrey/Development/Java/work/sandbox2.5.2.RELEASE/OpenSchedule/src/main/java/org/openschedule/domain/Event_Roo_Serializable.aj
/home/dmfrey/Development/Java/work/sandbox2.5.2.RELEASE/OpenSchedule/src/main/java/org/openschedule/domain/Speaker_Roo_ToString.aj
/home/dmfrey/Development/Java/work/sandbox2.5.2.RELEASE/OpenSchedule/src/main/java/org/openschedule/domain/Authority.java
/home/dmfrey/Development/Java/work/sandbox2.5.2.RELEASE/OpenSchedule/src/main/java/org/openschedule/domain/EventComment.java
/home/dmfrey/Development/Java/work/sandbox2.5.2.RELEASE/OpenSchedule/src/main/java/org/openschedule/web/EventController_Roo_Controller.aj
/home/dmfrey/Development/Java/work/sandbox2.5.2.RELEASE/OpenSchedule/src/main/java/org/openschedule/domain/Event_Roo_Json.aj
/home/dmfrey/Development/Java/work/sandbox2.5.2.RELEASE/OpenSchedule/src/main/java/org/openschedule/domain/Authority_Roo_Serializable.aj
/home/dmfrey/Development/Java/work/sandbox2.5.2.RELEASE/OpenSchedule/src/main/java/org/openschedule/domain/Track_Roo_JavaBean.aj
/home/dmfrey/Development/Java/work/sandbox2.5.2.RELEASE/OpenSchedule/src/main/java/org/openschedule/domain/Sponsor_Roo_Serializable.aj
/home/dmfrey/Development/Java/work/sandbox2.5.2.RELEASE/OpenSchedule/src/main/java/org/openschedule/domain/Day_Roo_Json.aj
/home/dmfrey/Development/Java/work/sandbox2.5.2.RELEASE/OpenSchedule/src/main/java/org/openschedule/domain/Label_Roo_Entity.aj
/home/dmfrey/Development/Java/work/sandbox2.5.2.RELEASE/OpenSchedule/src/main/java/org/openschedule/domain/Session.java
/home/dmfrey/Development/Java/work/sandbox2.5.2.RELEASE/OpenSchedule/src/main/java/org/openschedule/domain/Room.java
/home/dmfrey/Development/Java/work/sandbox2.5.2.RELEASE/OpenSchedule/src/main/java/org/openschedule/domain/Label_Roo_JavaBean.aj
/home/dmfrey/Development/Java/work/sandbox2.5.2.RELEASE/OpenSchedule/src/main/java/org/openschedule/domain/BlockComment_Roo_Entity.aj
/home/dmfrey/Development/Java/work/sandbox2.5.2.RELEASE/OpenSchedule/src/main/java/org/openschedule/domain/Day_Roo_Serializable.aj
/home/dmfrey/Development/Java/work/sandbox2.5.2.RELEASE/OpenSchedule/src/main/java/org/openschedule/web/IndexController.java
/home/dmfrey/Development/Java/work/sandbox2.5.2.RELEASE/OpenSchedule/src/main/java/org/openschedule/domain/BlockComment_Roo_Serializable.aj
/home/dmfrey/Development/Java/work/sandbox2.5.2.RELEASE/OpenSchedule/src/main/java/org/openschedule/domain/Sponsor_Roo_JavaBean.aj
/home/dmfrey/Development/Java/work/sandbox2.5.2.RELEASE/OpenSchedule/src/main/java/org/openschedule/domain/Speaker_Roo_Configurable.aj
/home/dmfrey/Development/Java/work/sandbox2.5.2.RELEASE/OpenSchedule/src/main/java/org/openschedule/domain/Session_Roo_Configurable.aj
/home/dmfrey/Development/Java/work/sandbox2.5.2.RELEASE/OpenSchedule/src/main/java/org/openschedule/domain/Sponsor_Roo_ToString.aj
/home/dmfrey/Development/Java/work/sandbox2.5.2.RELEASE/OpenSchedule/src/main/java/org/openschedule/domain/Room_Roo_ToString.aj
/home/dmfrey/Development/Java/work/sandbox2.5.2.RELEASE/OpenSchedule/src/main/java/org/openschedule/domain/Event_Roo_JavaBean.aj
/home/dmfrey/Development/Java/work/sandbox2.5.2.RELEASE/OpenSchedule/src/main/java/org/openschedule/domain/UserAccount_Roo_JavaBean.aj
/home/dmfrey/Development/Java/work/sandbox2.5.2.RELEASE/OpenSchedule/src/main/java/org/openschedule/domain/Speaker_Roo_Serializable.aj
/home/dmfrey/Development/Java/work/sandbox2.5.2.RELEASE/OpenSchedule/src/main/java/org/openschedule/domain/Room_Roo_JavaBean.aj
/home/dmfrey/Development/Java/work/sandbox2.5.2.RELEASE/OpenSchedule/src/main/java/org/openschedule/domain/EventComment_Roo_Serializable.aj
/home/dmfrey/Development/Java/work/sandbox2.5.2.RELEASE/OpenSchedule/src/main/java/org/openschedule/domain/Session_Roo_ToString.aj
/home/dmfrey/Development/Java/work/sandbox2.5.2.RELEASE/OpenSchedule/src/main/java/org/openschedule/domain/Sponsor_Roo_Configurable.aj
/home/dmfrey/Development/Java/work/sandbox2.5.2.RELEASE/OpenSchedule/src/main/java/org/openschedule/domain/Track_Roo_ToString.aj
/home/dmfrey/Development/Java/work/sandbox2.5.2.RELEASE/OpenSchedule/src/main/java/org/openschedule/domain/Speaker_Roo_Json.aj
/home/dmfrey/Development/Java/work/sandbox2.5.2.RELEASE/OpenSchedule/src/main/java/org/openschedule/domain/BlockComment_Roo_Configurable.aj
/home/dmfrey/Development/Java/work/sandbox2.5.2.RELEASE/OpenSchedule/src/main/java/org/openschedule/domain/Schedule.java
/home/dmfrey/Development/Java/work/sandbox2.5.2.RELEASE/OpenSchedule/src/main/java/org/openschedule/domain/Speaker_Roo_Entity.aj
/home/dmfrey/Development/Java/work/sandbox2.5.2.RELEASE/OpenSchedule/src/main/java/org/openschedule/domain/Speaker.java
/home/dmfrey/Development/Java/work/sandbox2.5.2.RELEASE/OpenSchedule/src/main/java/org/openschedule/domain/Sponsor.java
/home/dmfrey/Development/Java/work/sandbox2.5.2.RELEASE/OpenSchedule/src/main/java/org/openschedule/domain/Schedule_Roo_Configurable.aj
/home/dmfrey/Development/Java/work/sandbox2.5.2.RELEASE/OpenSchedule/src/main/java/org/openschedule/web/UserController_Roo_Controller.aj
/home/dmfrey/Development/Java/work/sandbox2.5.2.RELEASE/OpenSchedule/src/main/java/org/openschedule/domain/Venue_Roo_Json.aj
/home/dmfrey/Development/Java/work/sandbox2.5.2.RELEASE/OpenSchedule/src/main/java/org/openschedule/domain/Event_Roo_Configurable.aj
/home/dmfrey/Development/Java/work/sandbox2.5.2.RELEASE/OpenSchedule/src/main/java/org/openschedule/web/EventCommentController.java
/home/dmfrey/Development/Java/work/sandbox2.5.2.RELEASE/OpenSchedule/src/main/java/org/openschedule/domain/Day.java
/home/dmfrey/Development/Java/work/sandbox2.5.2.RELEASE/OpenSchedule/src/main/java/org/openschedule/domain/Room_Roo_Configurable.aj
/home/dmfrey/Development/Java/work/sandbox2.5.2.RELEASE/OpenSchedule/src/main/java/org/openschedule/domain/Block_Roo_Configurable.aj
/home/dmfrey/Development/Java/work/sandbox2.5.2.RELEASE/OpenSchedule/src/main/java/org/openschedule/domain/Track_Roo_Entity.aj
/home/dmfrey/Development/Java/work/sandbox2.5.2.RELEASE/OpenSchedule/src/main/java/org/openschedule/domain/UserAccount_Roo_Serializable.aj
/home/dmfrey/Development/Java/work/sandbox2.5.2.RELEASE/OpenSchedule/src/main/java/org/openschedule/web/ScheduleController.java
/home/dmfrey/Development/Java/work/sandbox2.5.2.RELEASE/OpenSchedule/src/main/java/org/openschedule/web/ApplicationConversionServiceFactoryBean.java
/home/dmfrey/Development/Java/work/sandbox2.5.2.RELEASE/OpenSchedule/src/main/java/org/openschedule/web/BlockCommentController_Roo_Controller.aj
/home/dmfrey/Development/Java/work/sandbox2.5.2.RELEASE/OpenSchedule/src/main/java/org/openschedule/domain/Venue.java
/home/dmfrey/Development/Java/work/sandbox2.5.2.RELEASE/OpenSchedule/src/main/java/org/openschedule/domain/Day_Roo_Configurable.aj
/home/dmfrey/Development/Java/work/sandbox2.5.2.RELEASE/OpenSchedule/src/main/java/org/openschedule/domain/Venue_Roo_Entity.aj
/home/dmfrey/Development/Java/work/sandbox2.5.2.RELEASE/OpenSchedule/src/main/java/org/openschedule/domain/EventComment_Roo_ToString.aj
/home/dmfrey/Development/Java/work/sandbox2.5.2.RELEASE/OpenSchedule/src/main/java/org/openschedule/domain/Authority_Roo_Configurable.aj
/home/dmfrey/Development/Java/work/sandbox2.5.2.RELEASE/OpenSchedule/src/main/java/org/openschedule/web/UserController.java
/home/dmfrey/Development/Java/work/sandbox2.5.2.RELEASE/OpenSchedule/src/main/java/org/openschedule/domain/Schedule_Roo_Serializable.aj
/home/dmfrey/Development/Java/work/sandbox2.5.2.RELEASE/OpenSchedule/src/main/java/org/openschedule/web/EventController.java
/home/dmfrey/Development/Java/work/sandbox2.5.2.RELEASE/OpenSchedule/src/main/java/org/openschedule/domain/Block_Roo_Json.aj
/home/dmfrey/Development/Java/work/sandbox2.5.2.RELEASE/OpenSchedule/src/main/java/org/openschedule/domain/Track_Roo_Configurable.aj
/home/dmfrey/Development/Java/work/sandbox2.5.2.RELEASE/OpenSchedule/src/main/java/org/openschedule/domain/BlockComment.java
/home/dmfrey/Development/Java/work/sandbox2.5.2.RELEASE/OpenSchedule/src/main/java/org/openschedule/domain/Block_Roo_Entity.aj
/home/dmfrey/Development/Java/work/sandbox2.5.2.RELEASE/OpenSchedule/src/main/java/org/openschedule/domain/UserAccount_Roo_Configurable.aj
/home/dmfrey/Development/Java/work/sandbox2.5.2.RELEASE/OpenSchedule/src/main/java/org/openschedule/domain/BlockComment_Roo_Json.aj
/home/dmfrey/Development/Java/work/sandbox2.5.2.RELEASE/OpenSchedule/src/main/java/org/openschedule/domain/Day_Roo_JavaBean.aj
/home/dmfrey/Development/Java/work/sandbox2.5.2.RELEASE/OpenSchedule/src/main/java/org/openschedule/domain/UserAccount_Roo_Entity.aj
/home/dmfrey/Development/Java/work/sandbox2.5.2.RELEASE/OpenSchedule/src/main/java/org/openschedule/domain/Schedule_Roo_Json.aj
/home/dmfrey/Development/Java/work/sandbox2.5.2.RELEASE/OpenSchedule/src/main/java/org/openschedule/domain/Event_Roo_Entity.aj
/home/dmfrey/Development/Java/work/sandbox2.5.2.RELEASE/OpenSchedule/src/main/java/org/openschedule/domain/UserAccount.java
/home/dmfrey/Development/Java/work/sandbox2.5.2.RELEASE/OpenSchedule/src/main/java/org/openschedule/domain/Track_Roo_Json.aj
/home/dmfrey/Development/Java/work/sandbox2.5.2.RELEASE/OpenSchedule/src/main/java/org/openschedule/domain/Label_Roo_Json.aj
/home/dmfrey/Development/Java/work/sandbox2.5.2.RELEASE/OpenSchedule/src/main/java/org/openschedule/web/AccountController.java
/home/dmfrey/Development/Java/work/sandbox2.5.2.RELEASE/OpenSchedule/src/main/java/org/openschedule/domain/Authority_Roo_ToString.aj
/home/dmfrey/Development/Java/work/sandbox2.5.2.RELEASE/OpenSchedule/src/main/java/org/openschedule/domain/Track_Roo_Serializable.aj
/home/dmfrey/Development/Java/work/sandbox2.5.2.RELEASE/OpenSchedule/src/main/java/org/openschedule/domain/Venue_Roo_ToString.aj
/home/dmfrey/Development/Java/work/sandbox2.5.2.RELEASE/OpenSchedule/src/main/java/org/openschedule/domain/EventComment_Roo_Entity.aj
/home/dmfrey/Development/Java/work/sandbox2.5.2.RELEASE/OpenSchedule/src/main/java/org/openschedule/domain/Room_Roo_Serializable.aj
/home/dmfrey/Development/Java/work/sandbox2.5.2.RELEASE/OpenSchedule/src/main/java/org/openschedule/domain/Day_Roo_ToString.aj
/home/dmfrey/Development/Java/work/sandbox2.5.2.RELEASE/OpenSchedule/src/main/java/org/openschedule/domain/Sponsor_Roo_Json.aj
/home/dmfrey/Development/Java/work/sandbox2.5.2.RELEASE/OpenSchedule/src/main/java/org/openschedule/domain/Authority_Roo_Entity.aj
/home/dmfrey/Development/Java/work/sandbox2.5.2.RELEASE/OpenSchedule/src/main/java/org/openschedule/domain/Label_Roo_Serializable.aj
/home/dmfrey/Development/Java/work/sandbox2.5.2.RELEASE/OpenSchedule/src/main/java/org/openschedule/domain/Block_Roo_Serializable.aj
/home/dmfrey/Development/Java/work/sandbox2.5.2.RELEASE/OpenSchedule/src/main/java/org/openschedule/domain/Day_Roo_Entity.aj
/home/dmfrey/Development/Java/work/sandbox2.5.2.RELEASE/OpenSchedule/src/main/java/org/openschedule/security/OpenIDAuthenticationFailureHandler.java
/home/dmfrey/Development/Java/work/sandbox2.5.2.RELEASE/OpenSchedule/src/main/java/org/openschedule/domain/Session_Roo_Entity.aj
/home/dmfrey/Development/Java/work/sandbox2.5.2.RELEASE/OpenSchedule/src/main/java/org/openschedule/domain/Authority_Roo_JavaBean.aj
/home/dmfrey/Development/Java/work/sandbox2.5.2.RELEASE/OpenSchedule/src/main/java/org/openschedule/security/CustomUserDetailsService.java
/home/dmfrey/Development/Java/work/sandbox2.5.2.RELEASE/OpenSchedule/src/main/java/org/openschedule/domain/Venue_Roo_JavaBean.aj
/home/dmfrey/Development/Java/work/sandbox2.5.2.RELEASE/OpenSchedule/src/main/java/org/openschedule/domain/Event_Roo_ToString.aj
/home/dmfrey/Development/Java/work/sandbox2.5.2.RELEASE/OpenSchedule/src/main/java/org/openschedule/web/PublicController.java
/home/dmfrey/Development/Java/work/sandbox2.5.2.RELEASE/OpenSchedule/src/main/java/org/openschedule/domain/Schedule_Roo_JavaBean.aj
/home/dmfrey/Development/Java/work/sandbox2.5.2.RELEASE/OpenSchedule/src/main/java/org/openschedule/domain/Block_Roo_JavaBean.aj
/home/dmfrey/Development/Java/work/sandbox2.5.2.RELEASE/OpenSchedule/src/main/java/org/openschedule/domain/Block.java
/home/dmfrey/Development/Java/work/sandbox2.5.2.RELEASE/OpenSchedule/src/main/java/org/openschedule/domain/Schedule_Roo_ToString.aj
/home/dmfrey/Development/Java/work/sandbox2.5.2.RELEASE/OpenSchedule/src/main/java/org/openschedule/domain/Event_Roo_Finder.aj
/home/dmfrey/Development/Java/work/sandbox2.5.2.RELEASE/OpenSchedule/src/main/java/org/openschedule/domain/Session_Roo_Json.aj
/home/dmfrey/Development/Java/work/sandbox2.5.2.RELEASE/OpenSchedule/src/main/java/org/openschedule/domain/BlockComment_Roo_ToString.aj
/home/dmfrey/Development/Java/work/sandbox2.5.2.RELEASE/OpenSchedule/src/main/java/org/openschedule/domain/EventComment_Roo_Configurable.aj
/home/dmfrey/Development/Java/work/sandbox2.5.2.RELEASE/OpenSchedule/src/main/java/org/openschedule/domain/Track.java
/home/dmfrey/Development/Java/work/sandbox2.5.2.RELEASE/OpenSchedule/src/main/java/org/openschedule/domain/Label_Roo_Configurable.aj
/home/dmfrey/Development/Java/work/sandbox2.5.2.RELEASE/OpenSchedule/src/main/java/org/openschedule/web/ApplicationConversionServiceFactoryBean_Roo_ConversionService.aj
/home/dmfrey/Development/Java/work/sandbox2.5.2.RELEASE/OpenSchedule/src/main/java/org/openschedule/domain/EventComment_Roo_JavaBean.aj
/home/dmfrey/Development/Java/work/sandbox2.5.2.RELEASE/OpenSchedule/src/main/java/org/openschedule/domain/BlockComment_Roo_JavaBean.aj
/home/dmfrey/Development/Java/work/sandbox2.5.2.RELEASE/OpenSchedule/src/main/java/org/openschedule/domain/Venue_Roo_Serializable.aj
/home/dmfrey/Development/Java/work/sandbox2.5.2.RELEASE/OpenSchedule/src/main/java/org/openschedule/domain/Session_Roo_Serializable.aj
/home/dmfrey/Development/Java/work/sandbox2.5.2.RELEASE/OpenSchedule/src/main/java/org/openschedule/domain/Schedule_Roo_Entity.aj
/home/dmfrey/Development/Java/work/sandbox2.5.2.RELEASE/OpenSchedule/src/main/java/org/openschedule/domain/Session_Roo_JavaBean.aj
/home/dmfrey/Development/Java/work/sandbox2.5.2.RELEASE/OpenSchedule/src/main/java/org/openschedule/domain/Venue_Roo_Configurable.aj
/home/dmfrey/Development/Java/work/sandbox2.5.2.RELEASE/OpenSchedule/src/main/java/org/openschedule/web/ViewController.java
/home/dmfrey/Development/Java/work/sandbox2.5.2.RELEASE/OpenSchedule/src/main/java/org/openschedule/domain/Speaker_Roo_JavaBean.aj
/home/dmfrey/Development/Java/work/sandbox2.5.2.RELEASE/OpenSchedule/src/main/java/org/openschedule/domain/Label_Roo_ToString.aj
/home/dmfrey/Development/Java/work/sandbox2.5.2.RELEASE/OpenSchedule/src/main/java/org/openschedule/domain/Event.java
